0 info it worked if it ends with ok
1 verbose cli [ '/usr/local/bin/node', '/usr/local/bin/npm', 'start' ]
2 info using npm@3.10.8
3 info using node@v4.2.2
4 verbose run-script [ 'prestart', 'start', 'poststart' ]
5 info lifecycle angular-firebase-bootstrap-seed@0.0.0~prestart: angular-firebase-bootstrap-seed@0.0.0
6 verbose lifecycle angular-firebase-bootstrap-seed@0.0.0~prestart: unsafe-perm in lifecycle true
7 verbose lifecycle angular-firebase-bootstrap-seed@0.0.0~prestart: PATH: /usr/local/lib/node_modules/npm/bin/node-gyp-bin:/Users/harrisonnoh/eecs493/groupgenius/node_modules/.bin:/Applications/MAMP/bin/php/php5.4.10/bin:~/.composer/vendor/bin/:/Applications/XAMPP/xamppfiles/bin:/usr/local/mysql/bin:/usr/local/bin:/usr/bin:/bin:/usr/sbin:/sbin:/opt/ImageMagick/bin:/usr/local/opt/android-sdk/bin
8 verbose lifecycle angular-firebase-bootstrap-seed@0.0.0~prestart: CWD: /Users/harrisonnoh/eecs493/groupgenius
9 silly lifecycle angular-firebase-bootstrap-seed@0.0.0~prestart: Args: [ '-c', 'npm install' ]
10 silly lifecycle angular-firebase-bootstrap-seed@0.0.0~prestart: Returned: code: 0  signal: null
11 info lifecycle angular-firebase-bootstrap-seed@0.0.0~start: angular-firebase-bootstrap-seed@0.0.0
12 verbose lifecycle angular-firebase-bootstrap-seed@0.0.0~start: unsafe-perm in lifecycle true
13 verbose lifecycle angular-firebase-bootstrap-seed@0.0.0~start: PATH: /usr/local/lib/node_modules/npm/bin/node-gyp-bin:/Users/harrisonnoh/eecs493/groupgenius/node_modules/.bin:/Applications/MAMP/bin/php/php5.4.10/bin:~/.composer/vendor/bin/:/Applications/XAMPP/xamppfiles/bin:/usr/local/mysql/bin:/usr/local/bin:/usr/bin:/bin:/usr/sbin:/sbin:/opt/ImageMagick/bin:/usr/local/opt/android-sdk/bin
14 verbose lifecycle angular-firebase-bootstrap-seed@0.0.0~start: CWD: /Users/harrisonnoh/eecs493/groupgenius
15 silly lifecycle angular-firebase-bootstrap-seed@0.0.0~start: Args: [ '-c', 'node web.js' ]
16 silly lifecycle angular-firebase-bootstrap-seed@0.0.0~start: Returned: code: 1  signal: null
17 info lifecycle angular-firebase-bootstrap-seed@0.0.0~start: Failed to exec start script
18 verbose stack Error: angular-firebase-bootstrap-seed@0.0.0 start: `node web.js`
18 verbose stack Exit status 1
18 verbose stack     at EventEmitter.<anonymous> (/usr/local/lib/node_modules/npm/lib/utils/lifecycle.js:255:16)
18 verbose stack     at emitTwo (events.js:87:13)
18 verbose stack     at EventEmitter.emit (events.js:172:7)
18 verbose stack     at ChildProcess.<anonymous> (/usr/local/lib/node_modules/npm/lib/utils/spawn.js:40:14)
18 verbose stack     at emitTwo (events.js:87:13)
18 verbose stack     at ChildProcess.emit (events.js:172:7)
18 verbose stack     at maybeClose (internal/child_process.js:818:16)
18 verbose stack     at Process.ChildProcess._handle.onexit (internal/child_process.js:211:5)
19 verbose pkgid angular-firebase-bootstrap-seed@0.0.0
20 verbose cwd /Users/harrisonnoh/eecs493/groupgenius
21 error Darwin 15.3.0
22 error argv "/usr/local/bin/node" "/usr/local/bin/npm" "start"
23 error node v4.2.2
24 error npm  v3.10.8
25 error code ELIFECYCLE
26 error angular-firebase-bootstrap-seed@0.0.0 start: `node web.js`
26 error Exit status 1
27 error Failed at the angular-firebase-bootstrap-seed@0.0.0 start script 'node web.js'.
27 error Make sure you have the latest version of node.js and npm installed.
27 error If you do, this is most likely a problem with the angular-firebase-bootstrap-seed package,
27 error not with npm itself.
27 error Tell the author that this fails on your system:
27 error     node web.js
27 error You can get information on how to open an issue for this project with:
27 error     npm bugs angular-firebase-bootstrap-seed
27 error Or if that isn't available, you can get their info via:
27 error     npm owner ls angular-firebase-bootstrap-seed
27 error There is likely additional logging output above.
28 verbose exit [ 1, true ]
